mode: set
github.com/sky-big/myjob-operator/controllers/myjob_controller.go:48.76,54.58 4 0
github.com/sky-big/myjob-operator/controllers/myjob_controller.go:59.2,59.26 1 0
github.com/sky-big/myjob-operator/controllers/myjob_controller.go:67.2,69.16 3 0
github.com/sky-big/myjob-operator/controllers/myjob_controller.go:99.2,99.27 1 0
github.com/sky-big/myjob-operator/controllers/myjob_controller.go:54.58,56.3 1 0
github.com/sky-big/myjob-operator/controllers/myjob_controller.go:59.26,60.51 1 0
github.com/sky-big/myjob-operator/controllers/myjob_controller.go:63.3,63.41 1 0
github.com/sky-big/myjob-operator/controllers/myjob_controller.go:60.51,62.4 1 0
github.com/sky-big/myjob-operator/controllers/myjob_controller.go:69.16,70.72 1 0
github.com/sky-big/myjob-operator/controllers/myjob_controller.go:78.3,78.71 1 0
github.com/sky-big/myjob-operator/controllers/myjob_controller.go:70.72,72.52 2 0
github.com/sky-big/myjob-operator/controllers/myjob_controller.go:75.4,75.74 1 0
github.com/sky-big/myjob-operator/controllers/myjob_controller.go:72.52,74.5 1 0
github.com/sky-big/myjob-operator/controllers/myjob_controller.go:78.71,80.52 2 0
github.com/sky-big/myjob-operator/controllers/myjob_controller.go:83.4,83.76 1 0
github.com/sky-big/myjob-operator/controllers/myjob_controller.go:80.52,82.5 1 0
github.com/sky-big/myjob-operator/controllers/myjob_controller.go:85.8,85.49 1 0
github.com/sky-big/myjob-operator/controllers/myjob_controller.go:85.49,87.81 2 0
github.com/sky-big/myjob-operator/controllers/myjob_controller.go:91.3,91.76 1 0
github.com/sky-big/myjob-operator/controllers/myjob_controller.go:94.3,94.42 1 0
github.com/sky-big/myjob-operator/controllers/myjob_controller.go:87.81,89.4 1 0
github.com/sky-big/myjob-operator/controllers/myjob_controller.go:91.76,93.4 1 0
github.com/sky-big/myjob-operator/controllers/myjob_controller.go:95.8,97.3 1 0
github.com/sky-big/myjob-operator/controllers/myjob_controller.go:102.68,113.2 3 0
github.com/sky-big/myjob-operator/controllers/myjob_controller.go:115.43,118.32 1 0
github.com/sky-big/myjob-operator/controllers/myjob_controller.go:121.2,121.14 1 0
github.com/sky-big/myjob-operator/controllers/myjob_controller.go:118.32,120.3 1 0
github.com/sky-big/myjob-operator/controllers/myjob_controller.go:124.56,132.2 1 0
