mode: set
github.com/sky-big/myjob-operator/controllers/myjob_controller.go:48.76,54.58 4 1
github.com/sky-big/myjob-operator/controllers/myjob_controller.go:59.2,59.26 1 1
github.com/sky-big/myjob-operator/controllers/myjob_controller.go:67.2,69.16 3 1
github.com/sky-big/myjob-operator/controllers/myjob_controller.go:104.2,104.27 1 1
github.com/sky-big/myjob-operator/controllers/myjob_controller.go:54.58,56.3 1 0
github.com/sky-big/myjob-operator/controllers/myjob_controller.go:59.26,60.51 1 1
github.com/sky-big/myjob-operator/controllers/myjob_controller.go:63.3,63.41 1 1
github.com/sky-big/myjob-operator/controllers/myjob_controller.go:60.51,62.4 1 0
github.com/sky-big/myjob-operator/controllers/myjob_controller.go:69.16,71.72 1 1
github.com/sky-big/myjob-operator/controllers/myjob_controller.go:80.3,80.71 1 1
github.com/sky-big/myjob-operator/controllers/myjob_controller.go:71.72,73.52 2 1
github.com/sky-big/myjob-operator/controllers/myjob_controller.go:76.4,76.74 1 1
github.com/sky-big/myjob-operator/controllers/myjob_controller.go:73.52,75.5 1 0
github.com/sky-big/myjob-operator/controllers/myjob_controller.go:80.71,82.52 2 1
github.com/sky-big/myjob-operator/controllers/myjob_controller.go:85.4,85.76 1 1
github.com/sky-big/myjob-operator/controllers/myjob_controller.go:82.52,84.5 1 0
github.com/sky-big/myjob-operator/controllers/myjob_controller.go:88.8,88.49 1 1
github.com/sky-big/myjob-operator/controllers/myjob_controller.go:88.49,91.81 2 1
github.com/sky-big/myjob-operator/controllers/myjob_controller.go:95.3,95.76 1 1
github.com/sky-big/myjob-operator/controllers/myjob_controller.go:98.3,98.42 1 1
github.com/sky-big/myjob-operator/controllers/myjob_controller.go:91.81,93.4 1 0
github.com/sky-big/myjob-operator/controllers/myjob_controller.go:95.76,97.4 1 0
github.com/sky-big/myjob-operator/controllers/myjob_controller.go:100.8,102.3 1 0
github.com/sky-big/myjob-operator/controllers/myjob_controller.go:107.68,118.2 3 1
github.com/sky-big/myjob-operator/controllers/myjob_controller.go:120.43,123.32 1 1
github.com/sky-big/myjob-operator/controllers/myjob_controller.go:126.2,126.14 1 1
github.com/sky-big/myjob-operator/controllers/myjob_controller.go:123.32,125.3 1 1
github.com/sky-big/myjob-operator/controllers/myjob_controller.go:129.56,137.2 1 1
